2020-11-17 22:13:35.6135 DEBUG Application starting...
2020-11-17 22:13:37.9185 INFO Application was launched.
2020-11-17 22:14:21.0665 DEBUG Getting Connection ...
2020-11-17 22:14:21.1255 DEBUG Openning Connection ...
2020-11-17 22:14:21.4745 INFO Connection successful!
2020-11-17 22:14:25.3515 DEBUG Trying select from DefaultView...
2020-11-17 22:14:25.3515 DEBUG Accessing the database...
2020-11-17 22:14:25.3515 DEBUG GetDataSetAsync starting...
2020-11-17 22:14:25.4855 TRACE SQL request:SELECT * from DefaultView, table name:TaskForCar
2020-11-17 22:14:26.0915 DEBUG SQL request complete. Recorded 23035 lines:
2020-11-17 22:14:26.0915 TRACE Thread: 
2020-11-17 22:17:35.8175 INFO DefaultView load successfully.
2020-11-17 22:17:36.1365 INFO MSViewer Form Closed
2020-11-17 22:18:39.1965 DEBUG Application starting...
2020-11-17 22:18:39.5176 INFO Application was launched.
2020-11-17 22:18:42.3295 DEBUG Getting Connection ...
2020-11-17 22:18:42.3525 DEBUG Openning Connection ...
2020-11-17 22:18:42.4535 INFO Connection successful!
2020-11-17 22:18:49.5585 DEBUG GetDataSetAsync starting...
2020-11-17 22:18:49.5585 TRACE SQL request:SELECT * from CarView, table name:Car
2020-11-17 22:18:49.6085 DEBUG SQL request complete. Recorded 20 lines:
2020-11-17 22:18:49.6085 TRACE Thread: 
2020-11-17 22:19:05.5635 DEBUG GetDataSetAsync starting...
2020-11-17 22:19:05.5635 TRACE SQL request:SELECT * from func_GetTaskWithPct('11.11.2020 22:18:53', '17.11.2020 22:19:03'), table name:TaskForCar
2020-11-17 22:19:05.6575 DEBUG SQL request complete. Recorded 244 lines:
2020-11-17 22:19:05.6575 TRACE Thread: 
2020-11-17 22:20:25.8095 DEBUG Clear binding source starting...
2020-11-17 22:20:25.8255 INFO Clear binding source completed successfully.
2020-11-17 22:20:28.3965 DEBUG Trying select from DefaultView...
2020-11-17 22:20:28.3975 DEBUG Accessing the database...
2020-11-17 22:20:28.3975 DEBUG GetDataSetAsync starting...
2020-11-17 22:20:28.3975 TRACE SQL request:SELECT * from DefaultView, table name:TaskForCar
2020-11-17 22:20:28.6495 DEBUG SQL request complete. Recorded 23035 lines:
2020-11-17 22:20:28.6495 TRACE Thread: 
2020-11-17 22:24:05.3155 DEBUG Application starting...
2020-11-17 22:24:05.7105 INFO Application was launched.
2020-11-17 22:24:07.7145 DEBUG Getting Connection ...
2020-11-17 22:24:07.7595 DEBUG Openning Connection ...
2020-11-17 22:24:07.8655 INFO Connection successful!
2020-11-17 22:24:11.3105 DEBUG Trying select from DefaultView...
2020-11-17 22:24:11.3105 DEBUG Accessing the database...
2020-11-17 22:24:11.3105 DEBUG GetDataSetAsync starting...
2020-11-17 22:24:11.3105 TRACE SQL request:SELECT * from DefaultView, table name:TaskForCar
2020-11-17 22:24:11.5855 DEBUG SQL request complete. Recorded 23035 lines:
2020-11-17 22:24:11.5855 TRACE Thread: 
2020-11-17 22:38:17.3893 DEBUG Application starting...
2020-11-17 22:38:17.9693 INFO Application was launched.
2020-11-17 22:38:19.4573 DEBUG Getting Connection ...
2020-11-17 22:38:19.4763 DEBUG Openning Connection ...
2020-11-17 22:38:19.5843 INFO Connection successful!
2020-11-17 22:38:21.5573 DEBUG Clear binding source starting...
2020-11-17 22:38:21.5573 INFO Clear binding source completed successfully.
2020-11-17 22:38:22.8563 DEBUG Trying select from DefaultView...
2020-11-17 22:38:22.8563 DEBUG Accessing the database...
2020-11-17 22:38:22.8563 DEBUG GetDataSetAsync starting...
2020-11-17 22:38:22.8563 TRACE SQL request:SELECT * from DefaultView, table name:TaskForCar
2020-11-17 22:38:23.1353 DEBUG SQL request complete. Recorded 23035 lines:
2020-11-17 22:38:23.1353 TRACE Thread: 
2020-11-17 22:38:23.1353 DEBUG DataSet load in SQL succses
2020-11-17 22:46:23.8238 DEBUG Application starting...
2020-11-17 22:46:24.2598 INFO Application was launched.
2020-11-17 22:46:27.0918 DEBUG Getting Connection ...
2020-11-17 22:46:27.1128 DEBUG Openning Connection ...
2020-11-17 22:46:27.2318 INFO Connection successful!
2020-11-17 22:46:36.2325 DEBUG GetDataSetAsync starting...
2020-11-17 22:46:36.2325 TRACE SQL request:SELECT * from func_GetTask('14.10.2020 22:46:30', '17.11.2020 22:46:30'), table name:TaskForCar
2020-11-17 22:46:36.3545 DEBUG SQL request complete. Recorded 1592 lines:
2020-11-17 22:46:36.3545 TRACE Thread: 
2020-11-17 22:47:58.1385 DEBUG Clear binding source starting...
2020-11-17 22:47:58.1545 INFO Clear binding source completed successfully.
2020-11-17 22:47:59.8665 DEBUG Trying select from DefaultView...
2020-11-17 22:47:59.8665 DEBUG Accessing the database...
2020-11-17 22:47:59.8665 DEBUG GetDataSetAsync starting...
2020-11-17 22:47:59.8665 TRACE SQL request:SELECT * from DefaultView, table name:TaskForCar
2020-11-17 22:48:00.1225 DEBUG SQL request complete. Recorded 23035 lines:
2020-11-17 22:48:00.1225 TRACE Thread: 
2020-11-17 22:48:00.1225 DEBUG DataSet load in SQL succses
2020-11-17 22:48:30.0985 DEBUG Application starting...
2020-11-17 22:48:30.5525 INFO Application was launched.
2020-11-17 22:48:34.4625 DEBUG Getting Connection ...
2020-11-17 22:48:34.4825 DEBUG Openning Connection ...
2020-11-17 22:48:34.5985 INFO Connection successful!
2020-11-17 22:48:37.3555 DEBUG Trying select from DefaultView...
2020-11-17 22:48:37.3555 DEBUG Accessing the database...
2020-11-17 22:48:37.3555 DEBUG GetDataSetAsync starting...
2020-11-17 22:48:37.3555 TRACE SQL request:SELECT * from DefaultView, table name:TaskForCar
2020-11-17 22:48:37.6385 DEBUG SQL request complete. Recorded 23035 lines:
2020-11-17 22:48:37.6385 TRACE Thread: 
2020-11-17 22:48:37.6385 DEBUG DataSet load in SQL succses
2020-11-17 22:51:20.7965 INFO DefaultView load successfully.
