2020-11-10 18:02:16.8824 DEBUG Application starting...
2020-11-10 18:02:17.4383 INFO Application was launched.
2020-11-10 18:02:20.5344 DEBUG Getting Connection ...
2020-11-10 18:02:20.5814 DEBUG Openning Connection ...
2020-11-10 18:02:20.7814 INFO Connection successful!
2020-11-10 18:02:27.5764 DEBUG Trying select from DefaultView...
2020-11-10 18:02:27.5764 DEBUG Accessing the database...
2020-11-10 18:02:27.5764 DEBUG GetDataSetAsync starting...
2020-11-10 18:02:27.5764 TRACE SQL request:SELECT * from DefaultView, table name:TaskForCar
2020-11-10 18:02:27.9944 DEBUG SQL request complete. Recorded 31 lines:
2020-11-10 18:02:27.9944 TRACE Thread: 
2020-11-10 18:02:28.3254 INFO DefaultView load successfully.
2020-11-10 18:02:36.5944 DEBUG trying to delete item...
2020-11-10 18:02:58.2143 DEBUG GetDataSetAsync starting...
2020-11-10 18:02:58.2143 TRACE SQL request:SELECT * from CarView, table name:Car
2020-11-10 18:02:58.4764 DEBUG SQL request complete. Recorded 20 lines:
2020-11-10 18:02:58.4764 TRACE Thread: 
2020-11-10 18:03:07.8914 DEBUG GetDataSetAsync starting...
2020-11-10 18:03:07.8914 TRACE SQL request:SELECT * from RepairmanView, table name:Repairman
2020-11-10 18:03:07.9394 DEBUG SQL request complete. Recorded 12 lines:
2020-11-10 18:03:07.9394 TRACE Thread: 
2020-11-10 18:03:15.5554 DEBUG GetDataSetAsync starting...
2020-11-10 18:03:15.5554 TRACE SQL request:SELECT * from ClientView, table name:Client
2020-11-10 18:03:15.5934 DEBUG SQL request complete. Recorded 19 lines:
2020-11-10 18:03:15.5934 TRACE Thread: 
2020-11-10 18:03:39.8564 DEBUG GetDataSetAsync starting...
2020-11-10 18:03:39.8714 TRACE SQL request:SELECT * from func_GetTaskWithPct('11.03.2020 18:03:19', '22.05.2020 18:03:19'), table name:TaskForCar
2020-11-10 18:03:39.9824 DEBUG SQL request complete. Recorded 19 lines:
2020-11-10 18:03:39.9824 TRACE Thread: 
2020-11-10 18:04:20.9484 DEBUG Clear binding source starting...
2020-11-10 18:04:20.9684 INFO Clear binding source completed successfully.
2020-11-10 18:04:23.4214 DEBUG Trying select from DefaultView...
2020-11-10 18:04:23.4214 DEBUG Accessing the database...
2020-11-10 18:04:23.4214 DEBUG GetDataSetAsync starting...
2020-11-10 18:04:23.4214 TRACE SQL request:SELECT * from DefaultView, table name:TaskForCar
2020-11-10 18:04:23.4514 DEBUG SQL request complete. Recorded 31 lines:
2020-11-10 18:04:23.4514 TRACE Thread: 
2020-11-10 18:04:23.6734 INFO DefaultView load successfully.
2020-11-10 18:04:25.1764 DEBUG Open window AddItemForm...
2020-11-10 18:04:25.2984 DEBUG Open window AddItemForm end.
2020-11-10 18:04:55.8404 DEBUG OnAddItemChangeEvent starting...
2020-11-10 18:04:55.8404 TRACE Param:System.Data.SqlClient.SqlParameterCollection, from query INSERT INTO TaskForCar VALUES(@CarId, @RepairmanId, @VehicleMalfunction, @Cost, @StartDate, @FinishDate)
2020-11-10 18:04:55.8404 DEBUG command:ExecuteNonQueryAsync() in table:TaskForCar starting...
2020-11-10 18:04:57.9234 INFO Item was added successful. Operation code(1)
2020-11-10 18:05:02.8534 DEBUG Trying select from DefaultView...
2020-11-10 18:05:02.8534 DEBUG Accessing the database...
2020-11-10 18:05:02.8534 DEBUG GetDataSetAsync starting...
2020-11-10 18:05:02.8534 TRACE SQL request:SELECT * from DefaultView, table name:TaskForCar
2020-11-10 18:05:02.8784 DEBUG SQL request complete. Recorded 32 lines:
2020-11-10 18:05:02.8784 TRACE Thread: 
2020-11-10 18:05:03.0653 INFO DefaultView load successfully.
2020-11-10 18:05:08.4644 DEBUG trying to delete item...
2020-11-10 18:05:10.2174 DEBUG SQL COMMAND: DELETE FROM TaskForCar WHERE TaskForCarId = @id | Id=1013
2020-11-10 18:05:10.2174 DEBUG Sending request to server...
2020-11-10 18:05:10.2404 INFO Item:1013 want to remove successful. Operation code(1)
2020-11-10 18:05:19.0924 DEBUG Trying select from DefaultView...
2020-11-10 18:05:19.0924 DEBUG Accessing the database...
2020-11-10 18:05:19.0924 DEBUG GetDataSetAsync starting...
2020-11-10 18:05:19.0924 TRACE SQL request:SELECT * from DefaultView, table name:TaskForCar
2020-11-10 18:05:19.0924 DEBUG SQL request complete. Recorded 31 lines:
2020-11-10 18:05:19.1034 TRACE Thread: 
2020-11-10 18:05:19.2984 INFO DefaultView load successfully.
2020-11-10 18:05:31.6204 DEBUG Open save as window...
2020-11-10 18:05:44.5994 DEBUG Apply filename...
2020-11-10 18:05:44.6194 DEBUG Starting save to excel...
2020-11-10 18:05:50.8214 INFO Save exel file successful!
2020-11-10 18:06:18.2634 DEBUG Open save as window...
2020-11-10 18:06:28.8974 DEBUG Apply filename...
2020-11-10 18:06:28.8974 DEBUG Starting save to excel...
2020-11-10 18:06:34.9014 INFO Save exel file successful!
2020-11-10 18:06:45.0754 DEBUG Open save as window...
2020-11-10 18:06:55.4663 DEBUG Apply filename...
2020-11-10 18:06:55.4663 DEBUG Starting save to excel...
2020-11-10 18:07:01.4714 INFO Save exel file successful!
2020-11-10 18:07:35.2694 DEBUG Starting disconnect from MS SQL...
2020-11-10 18:07:35.2694 DEBUG Connection was established earlier
2020-11-10 18:07:36.8534 INFO Disconnect complete successful!
2020-11-10 18:07:43.0284 INFO MSViewer Form Closed
2020-11-10 18:08:45.2954 DEBUG Application starting...
2020-11-10 18:08:45.7724 INFO Application was launched.
2020-11-10 18:08:48.8794 DEBUG Getting Connection ...
2020-11-10 18:08:48.9024 DEBUG Openning Connection ...
2020-11-10 18:08:49.0094 INFO Connection successful!
2020-11-10 18:08:59.9203 DEBUG GetDataSetAsync starting...
2020-11-10 18:08:59.9203 TRACE SQL request:SELECT * from RepairmanView, table name:Repairman
2020-11-10 18:08:59.9784 DEBUG SQL request complete. Recorded 12 lines:
2020-11-10 18:08:59.9784 TRACE Thread: 
2020-11-10 18:09:02.1624 DEBUG Open window AddItemForm...
2020-11-10 18:09:02.2964 DEBUG Open window AddItemForm end.
2020-11-10 18:09:04.9334 WARN Warning: not all lines are filled!
2020-11-10 18:09:20.8970 WARN Warning: not all lines are filled!
2020-11-10 18:09:31.1758 WARN Warning: not all lines are filled!
2020-11-10 18:09:36.4268 DEBUG OnAddItemChangeEvent starting...
2020-11-10 18:09:36.4268 TRACE Param:System.Data.SqlClient.SqlParameterCollection, from query INSERT INTO TaskForCar VALUES(@CarId, @RepairmanId, @VehicleMalfunction, @Cost, @StartDate, @FinishDate)
2020-11-10 18:09:36.4268 DEBUG command:ExecuteNonQueryAsync() in table:Repairman starting...
2020-11-10 18:09:36.5048 ERROR Add error: Конфликт инструкции INSERT с ограничением FOREIGN KEY "FK__TaskForCa__CarId__5535A963". Конфликт произошел в базе данных "CarService", таблица "dbo.Car", column 'CarId'.
Выполнение данной инструкции было прервано.
2020-11-10 18:10:46.8546 DEBUG Starting disconnect from MS SQL...
2020-11-10 18:10:46.8546 DEBUG Connection was established earlier
2020-11-10 18:10:47.9706 INFO Disconnect complete successful!
2020-11-10 18:10:49.4346 INFO MSViewer Form Closed
2020-11-10 18:27:24.0233 DEBUG Application starting...
2020-11-10 18:27:24.7163 INFO Application was launched.
2020-11-10 18:27:27.6773 DEBUG Getting Connection ...
2020-11-10 18:27:27.7163 DEBUG Openning Connection ...
2020-11-10 18:27:44.5303 DEBUG Getting Connection ...
2020-11-10 18:27:44.5303 DEBUG Openning Connection ...
2020-11-10 18:27:44.6603 ERROR Error: При установлении соединения с SQL Server произошла ошибка, связанная с сетью или с определенным экземпляром. Сервер не найден или недоступен. Убедитесь, что имя экземпляра указано правильно и что на SQL Server разрешены удаленные соединения. (provider: SQL Network Interfaces, error: 26 - Ошибка при обнаружении указанного сервера или экземпляра)
2020-11-10 18:27:44.7903 ERROR Error: При установлении соединения с SQL Server произошла ошибка, связанная с сетью или с определенным экземпляром. Сервер не найден или недоступен. Убедитесь, что имя экземпляра указано правильно и что на SQL Server разрешены удаленные соединения. (provider: SQL Network Interfaces, error: 26 - Ошибка при обнаружении указанного сервера или экземпляра)
2020-11-10 18:27:57.4188 INFO MSViewer Form Closed
2020-11-10 22:33:05.4605 DEBUG Application starting...
2020-11-10 22:33:05.7181 INFO Application was launched.
2020-11-10 22:35:48.9697 DEBUG Getting Connection ...
2020-11-10 22:35:48.9853 DEBUG Openning Connection ...
2020-11-10 22:35:55.2823 DEBUG Getting Connection ...
2020-11-10 22:35:55.2823 DEBUG Openning Connection ...
2020-11-10 22:36:05.6601 ERROR Error: При установлении соединения с SQL Server произошла ошибка, связанная с сетью или с определенным экземпляром. Сервер не найден или недоступен. Убедитесь, что имя экземпляра указано правильно и что на SQL Server разрешены удаленные соединения. (provider: SQL Network Interfaces, error: 26 - Ошибка при обнаружении указанного сервера или экземпляра)
2020-11-10 22:36:05.6950 ERROR Error: При установлении соединения с SQL Server произошла ошибка, связанная с сетью или с определенным экземпляром. Сервер не найден или недоступен. Убедитесь, что имя экземпляра указано правильно и что на SQL Server разрешены удаленные соединения. (provider: SQL Network Interfaces, error: 26 - Ошибка при обнаружении указанного сервера или экземпляра)
2020-11-10 22:37:43.0390 INFO MSViewer Form Closed
2020-11-10 22:37:55.0480 DEBUG Application starting...
2020-11-10 22:37:55.5570 INFO Application was launched.
2020-11-10 22:38:18.2560 DEBUG Getting Connection ...
2020-11-10 22:38:18.2750 DEBUG Openning Connection ...
2020-11-10 22:38:18.3920 INFO Connection successful!
2020-11-10 22:38:50.3220 DEBUG GetDataSetAsync starting...
2020-11-10 22:38:50.3220 TRACE SQL request:SELECT * from func_GetTask('03.11.2019 22:38:29', '10.11.2020 22:38:48'), table name:TaskForCar
2020-11-10 22:38:50.4240 DEBUG SQL request complete. Recorded 21 lines:
2020-11-10 22:38:50.4240 TRACE Thread: 
2020-11-10 22:39:43.2141 DEBUG Open window AddItemForm...
2020-11-10 22:39:43.3420 DEBUG Open window AddItemForm end.
2020-11-10 22:40:10.1980 DEBUG Trying select from DefaultView...
2020-11-10 22:40:10.1980 DEBUG Accessing the database...
2020-11-10 22:40:10.1980 DEBUG GetDataSetAsync starting...
2020-11-10 22:40:10.1980 TRACE SQL request:SELECT * from DefaultView, table name:TaskForCar
2020-11-10 22:40:10.2370 DEBUG SQL request complete. Recorded 31 lines:
2020-11-10 22:40:10.2370 TRACE Thread: 
2020-11-10 22:40:10.4110 INFO DefaultView load successfully.
2020-11-10 22:42:08.6381 DEBUG GetDataSetAsync starting...
2020-11-10 22:42:08.6500 TRACE SQL request:SELECT * from CarView, table name:Car
2020-11-10 22:42:08.6900 DEBUG SQL request complete. Recorded 20 lines:
2020-11-10 22:42:08.6900 TRACE Thread: 
2020-11-10 22:42:23.4250 DEBUG GetDataSetAsync starting...
2020-11-10 22:42:23.4250 TRACE SQL request:SELECT * from RepairmanView, table name:Repairman
2020-11-10 22:42:23.4390 DEBUG SQL request complete. Recorded 12 lines:
2020-11-10 22:42:23.4390 TRACE Thread: 
2020-11-10 22:42:31.7310 DEBUG GetDataSetAsync starting...
2020-11-10 22:42:31.7310 TRACE SQL request:SELECT * from ClientView, table name:Client
2020-11-10 22:42:31.7450 DEBUG SQL request complete. Recorded 19 lines:
2020-11-10 22:42:31.7450 TRACE Thread: 
2020-11-10 22:42:41.0061 DEBUG Clear binding source starting...
2020-11-10 22:42:41.0310 INFO Clear binding source completed successfully.
2020-11-10 22:42:53.0821 DEBUG Trying select from DefaultView...
2020-11-10 22:42:53.0821 DEBUG Accessing the database...
2020-11-10 22:42:53.0821 DEBUG GetDataSetAsync starting...
2020-11-10 22:42:53.0821 TRACE SQL request:SELECT * from DefaultView, table name:TaskForCar
2020-11-10 22:42:53.1060 DEBUG SQL request complete. Recorded 31 lines:
2020-11-10 22:42:53.1060 TRACE Thread: 
2020-11-10 22:42:53.3300 INFO DefaultView load successfully.
2020-11-10 22:42:57.3220 DEBUG Open save as window...
2020-11-10 22:43:10.0700 DEBUG Apply filename...
2020-11-10 22:43:10.0880 DEBUG Starting save to excel...
2020-11-10 22:43:15.5930 INFO Save exel file successful!
2020-11-10 22:47:36.2200 INFO MSViewer Form Closed
2020-11-10 22:47:49.9281 DEBUG Application starting...
2020-11-10 22:47:50.1312 INFO Application was launched.
2020-11-10 22:47:53.5218 DEBUG Getting Connection ...
2020-11-10 22:47:53.5375 DEBUG Openning Connection ...
2020-11-10 22:47:53.5843 INFO Connection successful!
2020-11-10 22:48:01.3453 DEBUG Trying select from DefaultView...
2020-11-10 22:48:01.3453 DEBUG Accessing the database...
2020-11-10 22:48:01.3453 DEBUG GetDataSetAsync starting...
2020-11-10 22:48:01.3453 TRACE SQL request:SELECT * from DefaultView, table name:TaskForCar
2020-11-10 22:48:01.3766 DEBUG SQL request complete. Recorded 31 lines:
2020-11-10 22:48:01.3766 TRACE Thread: 
2020-11-10 22:48:01.6109 INFO DefaultView load successfully.
2020-11-10 22:48:05.9390 DEBUG Starting disconnect from MS SQL...
2020-11-10 22:48:05.9390 DEBUG Connection was established earlier
2020-11-10 22:48:06.8875 INFO Disconnect complete successful!
2020-11-10 22:48:10.4647 INFO MSViewer Form Closed
