2020-11-24 18:10:16.5937 DEBUG Application starting...
2020-11-24 18:10:17.1597 INFO Application was launched.
2020-11-24 18:10:20.4676 DEBUG Getting Connection ...
2020-11-24 18:10:20.5037 DEBUG Openning Connection ...
2020-11-24 18:10:20.6937 INFO Connection successful!
2020-11-24 18:10:24.8345 DEBUG Trying select from DefaultView...
2020-11-24 18:10:24.8354 DEBUG Accessing the database...
2020-11-24 18:10:24.8354 DEBUG GetDataSetAsync starting...
2020-11-24 18:10:24.8354 TRACE SQL request:SELECT TOP(500) * from DefaultView, table name:TaskForCar
2020-11-24 18:10:24.9264 DEBUG SQL request complete. Recorded 500 lines:
2020-11-24 18:10:24.9264 TRACE Thread: 
2020-11-24 18:10:24.9264 DEBUG DataSet load in SQL succses
2020-11-24 18:10:28.2194 INFO DefaultView load successfully.
2020-11-24 18:10:39.6005 DEBUG Trying select from DefaultView...
2020-11-24 18:10:39.6014 DEBUG Accessing the database...
2020-11-24 18:10:39.6014 DEBUG GetDataSetAsync starting...
2020-11-24 18:10:39.6014 TRACE SQL request:SELECT TOP(500) * from DefaultView, table name:TaskForCar
2020-11-24 18:10:39.6244 DEBUG SQL request complete. Recorded 500 lines:
2020-11-24 18:10:39.6244 TRACE Thread: 
2020-11-24 18:10:39.6474 DEBUG DataSet load in SQL succses
2020-11-24 18:10:41.9894 INFO DefaultView load successfully.
2020-11-24 18:10:47.2074 DEBUG Trying select from DefaultView...
2020-11-24 18:10:47.2074 DEBUG Accessing the database...
2020-11-24 18:10:47.2074 DEBUG GetDataSetAsync starting...
2020-11-24 18:10:47.2104 TRACE SQL request:SELECT TOP(500) * from DefaultView, table name:TaskForCar
2020-11-24 18:10:47.2484 DEBUG SQL request complete. Recorded 500 lines:
2020-11-24 18:10:47.2484 TRACE Thread: 
2020-11-24 18:10:47.2604 DEBUG DataSet load in SQL succses
2020-11-24 18:10:49.7634 INFO DefaultView load successfully.
2020-11-24 18:11:14.0674 DEBUG Clear binding source starting...
2020-11-24 18:11:14.0884 INFO Clear binding source completed successfully.
2020-11-24 18:11:20.0665 DEBUG GetDataSetAsync starting...
2020-11-24 18:11:20.0704 TRACE SQL request:SELECT * from RepairmanView, table name:Repairman
2020-11-24 18:11:20.0904 DEBUG SQL request complete. Recorded 12 lines:
2020-11-24 18:11:20.0904 TRACE Thread: 
2020-11-24 18:11:27.9124 DEBUG GetDataSetAsync starting...
2020-11-24 18:11:27.9135 TRACE SQL request:SELECT * from CarView, table name:Car
2020-11-24 18:11:27.9374 DEBUG SQL request complete. Recorded 20 lines:
2020-11-24 18:11:27.9374 TRACE Thread: 
2020-11-24 18:11:37.1044 DEBUG GetDataSetAsync starting...
2020-11-24 18:11:37.1044 TRACE SQL request:SELECT * from ClientView, table name:Client
2020-11-24 18:11:37.1214 DEBUG SQL request complete. Recorded 19 lines:
2020-11-24 18:11:37.1214 TRACE Thread: 
2020-11-24 18:11:42.8545 DEBUG Clear binding source starting...
2020-11-24 18:11:42.8804 INFO Clear binding source completed successfully.
2020-11-24 18:11:45.0154 DEBUG Trying select from DefaultView...
2020-11-24 18:11:45.0154 DEBUG Accessing the database...
2020-11-24 18:11:45.0154 DEBUG GetDataSetAsync starting...
2020-11-24 18:11:45.0154 TRACE SQL request:SELECT TOP(500) * from DefaultView, table name:TaskForCar
2020-11-24 18:11:45.0344 DEBUG SQL request complete. Recorded 500 lines:
2020-11-24 18:11:45.0344 TRACE Thread: 
2020-11-24 18:11:45.0344 DEBUG DataSet load in SQL succses
2020-11-24 18:11:48.0615 INFO DefaultView load successfully.
2020-11-24 18:11:57.8884 DEBUG GetDataSetAsync starting...
2020-11-24 18:11:57.8884 TRACE SQL request:SELECT * from func_GetTask('19.11.2020 18:11:53', '24.11.2020 18:11:53'), table name:TaskForCar
2020-11-24 18:11:57.9234 DEBUG SQL request complete. Recorded 0 lines:
2020-11-24 18:11:57.9234 TRACE Thread: 
2020-11-24 18:12:05.4654 DEBUG GetDataSetAsync starting...
2020-11-24 18:12:05.4654 TRACE SQL request:SELECT * from func_GetTask('09.11.2020 18:12:00', '24.11.2020 18:12:00'), table name:TaskForCar
2020-11-24 18:12:05.5394 DEBUG SQL request complete. Recorded 372 lines:
2020-11-24 18:12:05.5394 TRACE Thread: 
2020-11-24 18:12:25.3245 DEBUG GetDataSetAsync starting...
2020-11-24 18:12:25.3245 TRACE SQL request:SELECT * from func_GetTaskWithPct('09.11.2020 18:12:16', '24.11.2020 18:12:24'), table name:TaskForCar
2020-11-24 18:12:25.7574 DEBUG SQL request complete. Recorded 372 lines:
2020-11-24 18:12:25.7574 TRACE Thread: 
2020-11-24 18:12:52.0655 INFO MSViewer Form Closed
2020-11-24 19:50:51.7212 DEBUG Application starting...
2020-11-24 19:50:52.3072 INFO Application was launched.
2020-11-24 19:50:56.1081 DEBUG Getting Connection ...
2020-11-24 19:50:56.1321 DEBUG Openning Connection ...
2020-11-24 19:50:56.2491 INFO Connection successful!
2020-11-24 19:50:58.5856 DEBUG Trying select from DefaultView...
2020-11-24 19:50:58.5856 DEBUG Accessing the database...
2020-11-24 19:50:58.6136 DEBUG DataSet load in SQL succses
2020-11-24 19:50:58.7947 INFO DefaultView load successfully.
2020-11-24 19:51:10.7857 INFO MSViewer Form Closed
2020-11-24 19:52:41.0446 DEBUG Application starting...
2020-11-24 19:52:41.5256 INFO Application was launched.
2020-11-24 19:52:43.9066 DEBUG Getting Connection ...
2020-11-24 19:52:43.9246 DEBUG Openning Connection ...
2020-11-24 19:52:44.0196 INFO Connection successful!
2020-11-24 19:52:46.5572 DEBUG Trying select from DefaultView...
2020-11-24 19:52:46.5572 DEBUG Accessing the database...
2020-11-24 19:52:46.5711 DEBUG DataSet load in SQL succses
2020-11-24 19:52:46.7182 ERROR Error: Переполнение SqlDateTime. Должно находиться в пределах от 1/1/1753 12:00:00 AM и 12/31/9999 11:59:59 PM.
2020-11-24 19:52:59.2802 INFO MSViewer Form Closed
2020-11-24 19:53:16.5321 DEBUG Application starting...
2020-11-24 19:53:17.1692 INFO Application was launched.
2020-11-24 19:53:19.5651 DEBUG Getting Connection ...
2020-11-24 19:53:19.5831 DEBUG Openning Connection ...
2020-11-24 19:53:19.6741 INFO Connection successful!
2020-11-24 19:53:21.9478 DEBUG Trying select from DefaultView...
2020-11-24 19:53:21.9478 DEBUG Accessing the database...
2020-11-24 19:53:21.9618 DEBUG DataSet load in SQL succses
2020-11-24 19:53:22.0628 ERROR Error: Переполнение SqlDateTime. Должно находиться в пределах от 1/1/1753 12:00:00 AM и 12/31/9999 11:59:59 PM.
2020-11-24 19:53:26.1942 INFO MSViewer Form Closed
2020-11-24 19:55:11.9231 DEBUG Application starting...
2020-11-24 19:55:12.5361 INFO Application was launched.
2020-11-24 19:55:14.9711 DEBUG Getting Connection ...
2020-11-24 19:55:14.9881 DEBUG Openning Connection ...
2020-11-24 19:55:15.0841 INFO Connection successful!
2020-11-24 19:55:18.2671 DEBUG Trying select from DefaultView...
2020-11-24 19:55:18.2671 DEBUG Accessing the database...
2020-11-24 19:55:18.2811 DEBUG DataSet load in SQL succses
2020-11-24 19:55:18.3841 ERROR Error: Строка не распознана как действительное значение DateTime.
2020-11-24 19:55:25.7351 DEBUG Trying select from DefaultView...
2020-11-24 19:55:25.7351 DEBUG Accessing the database...
2020-11-24 19:55:25.7351 DEBUG DataSet load in SQL succses
2020-11-24 19:55:25.7821 ERROR Error: Строка не распознана как действительное значение DateTime.
2020-11-24 19:55:28.5018 INFO MSViewer Form Closed
2020-11-24 19:55:42.5707 DEBUG Application starting...
2020-11-24 19:55:42.9407 INFO Application was launched.
2020-11-24 19:55:45.2847 DEBUG Getting Connection ...
2020-11-24 19:55:45.3027 DEBUG Openning Connection ...
2020-11-24 19:55:45.3937 INFO Connection successful!
2020-11-24 19:55:47.6453 DEBUG Trying select from DefaultView...
2020-11-24 19:55:47.6453 DEBUG Accessing the database...
2020-11-24 19:55:47.6613 DEBUG DataSet load in SQL succses
2020-11-24 19:56:54.0089 DEBUG Application starting...
2020-11-24 19:56:54.3489 INFO Application was launched.
2020-11-24 19:56:56.1529 DEBUG Getting Connection ...
2020-11-24 19:56:56.1699 DEBUG Openning Connection ...
2020-11-24 19:56:56.2859 INFO Connection successful!
2020-11-24 19:56:59.4369 DEBUG Trying select from DefaultView...
2020-11-24 19:56:59.4369 DEBUG Accessing the database...
2020-11-24 19:56:59.4499 DEBUG DataSet load in SQL succses
2020-11-24 19:58:14.9859 DEBUG Application starting...
2020-11-24 19:58:15.3599 INFO Application was launched.
2020-11-24 19:58:17.9049 DEBUG Getting Connection ...
2020-11-24 19:58:17.9219 DEBUG Openning Connection ...
2020-11-24 19:58:18.0139 INFO Connection successful!
2020-11-24 19:58:20.5539 DEBUG Trying select from DefaultView...
2020-11-24 19:58:20.5539 DEBUG Accessing the database...
2020-11-24 19:58:20.5539 DEBUG DataSet load in SQL succses
2020-11-24 19:58:20.8269 INFO DefaultView load successfully.
